[RUN #0 100 50]
963 -348 824 6 464 212 -750 214 266 622 -506 54 -200 734 758 -996 -531 -369 917 -861 -947 -267 -286 952 -859 -238 450 556 812 -319 -97 768 -378 -297 -761 -76 655 756 -115 -690 -625 -232 -316 -676 -678 645 -989 -151 420 685 955 899 -59 -274 -23 -169 -290 174 -403 823 946 549 -626 843 567 -288 26 612 -398 738 -306 -60 319 24 -111 310 349 162 46 -211 318 717 -915 -323 -635 -978 -975 557 907 -155 132 -446 861 396 560 -652 726 -352 256 -985
[RUN #1 100 50]
376 842 743 -41 -937 314 -464 843 12 491 176 -179 -675 -469 436 -112 971 410 -545 -66 -184 -989 -832 250 782 -531 -649 -876 -199 -910 249 -556 356 352 963 -605 21 -616 713 420 393 757 -892 -851 697 87 321 676 -617 735 -987 -951 -463 -423 -661 -346 330 -858 -662 772 -283 -674 -774 -818 179 151 -731 969 382 -963 -755 -733 510 185 20 550 984 -50 -766 765 -582 -296 -953 -237 -870 591 171 -848 122 -377 186 821 808 -222 910 -995 -70 -324 -281 -239
-539 -281 -287 -22 726 -905 679 -746 -582 734 221 940 -632 840 -344 -777 -54 636 -616 935 -996 -188 452 993 655 667 80 101 281 882 396 908 815 -246 -512 846 -435 -411 42 -114 960 -123 49 709 621 845 875 -955 -748 194 164 900 -624 355 -240 826 947 -705 -765 202 -463 606 -438 -870 533 200 823 593 -491 455 -865 -574 -685 -365 -266 805 240 -460 903 -424 -927 -468 225 -400 -521 834 -986 689 898 825 -883 -32 -572 -659 786 317 -137 -198 -510 303
-998 107 270 65 62 -721 -253 998 -64 741 -883 -949 348 684 45 507 -606 429 -972 -299 -138 -264 750 -975 197 -476 -160 -304 212 43 -923 -492 -746 528 838 875 253 -288 137 889 -690 -803 301 -773 -834 182 22 946 571 -116 370 -4 165 635 963 36 706 957 530 27 172 -33 -195 516 -457 -796 689 -278 -591 769 303 -38 -439 -894 420 -623 941 948 896 -148 -433 -448 -84 -981 628 -361 -241 887 -164 -583 -475 -188 251 -699 -506 -661 984 489 252 309
103 -487 -797 -317 -182 -714 236 -610 385 431 -458 -595 240 -328 698 474 -310 -116 856 639 784 -316 511 382 644 979 -818 -772 183 -855 726 -788 315 -874 -808 -125 -236 195 604 903 -983 -171 935 390 307 -443 113 555 -183 -798 -186 17 -138 -63 -554 289 239 845 -776 224 -608 -581 -11 32 807 815 96 -681 -675 617 -34 586 259 -16 -260 6 -815 -773 -321 -865 -58 -549 850 464 -555 -62 868 55 -13 -292 968 -504 -522 -727 786 842 916 892 846 -657
-792 366 368 -590 585 147 695 56 -441 710 -2 946 -347 975 537 -952 678 -258 450 220 171 784 855 142 655 -675 269 -501 -940 42 -399 402 -602 465 -744 -848 -1000 -251 641 -74 385 -509 574 372 -184 -860 -157 -181 421 -370 -620 339 481 -827 511 -613 354 -115 -123 -902 17 597 -152 610 779 -880 -978 629 138 810 -191 -183 719 451 906 786 -392 -645 762 429 -445 914 930 145 -134 174 143 -942 -241 -536 963 -904 -913 -365 -571 411 590 386 -683 355
301 343 335 -784 -906 -769 -104 730 225 988 295 -469 -573 462 685 -578 454 858 952 -732 586 888 -658 717 780 -279 726 -10 -695 523 -793 153 748 950 -595 670 -129 917 362 -339 496 991 743 -907 -506 320 490 -734 661 199 -686 -623 398 576 184 -397 -746 -604 -537 580 339 902 852 -785 -853 906 -271 602 -491 872 535 97 -983 -941 428 -407 -39 -977 -413 -335 111 239 -344 -715 671 -120 636 396 185 601 -628 103 937 -511 -816 949 -98 -569 -161 -261
988 411 917 777 480 -372 571 -340 359 226 796 -289 -620 121 593 582 884 -644 -28 704 -860 -584 -598 -555 -816 973 -936 -98 716 -385 719 -266 758 -895 -680 -393 877 -747 668 232 -884 -695 -797 -405 682 32 -516 -689 -876 -397 726 8 -55 -315 -163 966 -43 757 409 857 182 892 -97 -154 -159 413 -616 -452 -81 924 939 -950 -726 400 -757 -411 -923 286 -149 -990 -748 665 -32 -260 550 117 105 -889 351 995 -213 358 798 50 -342 -238 -836 313 -305 -559
-805 -351 822 -376 -339 -381 109 -910 540 -498 358 36 695 723 174 -999 -186 844 -520 292 323 -336 -279 -983 -668 182 -721 423 -786 105 -32 -754 -304 853 -97 403 339 493 -533 79 153 989 931 -737 -162 -909 -715 -649 814 999 263 87 405 -621 -913 -594 -990 -828 -293 -523 -128 -89 915 653 -452 -475 157 -915 629 -478 156 -604 293 -548 -15 -43 -194 -29 -82 -416 -122 955 -399 52 233 937 789 354 -240 -491 639 -309 -35 857 -772 600 -558 267 -164 -505
983 997 -744 -982 336 -711 -41 673 -155 -722 -257 -807 -934 180 454 -490 -353 -724 524 -6 -317 518 -344 636 919 140 -800 248 -731 847 -331 631 -813 -316 998 -296 967 712 -613 -487 -457 -837 165 230 787 782 106 256 -157 -584 988 66 -447 585 -736 -658 303 -959 -336 966 437 -691 346 453 64 216 351 639 621 249 757 -66 -89 360 65 -117 -583 -37 479 -371 682 584 -311 -860 -55 -748 224 -502 477 -739 -700 -364 -709 330 421 -598 823 792 469 701
-28 720 961 662 -461 291 943 -381 -543 -707 505 -914 -629 463 635 86 -252 -63 202 -640 247 389 267 -771 -132 -16 739 -589 -522 125 654 -441 -885 313 -390 -611 -219 851 -737 114 925 269 -754 -902 -559 -655 8 -43 -259 797 -721 65 780 -974 -78 -742 -631 -372 -96 -110 -200 -419 -524 -123 -30 522 -644 581 -386 -426 -209 891 971 -574 133 528 326 -748 -201 -718 -926 667 -723 -548 103 718 686 -918 88 74 274 404 779 -230 886 -509 757 -53 -525 -309
906 -835 903 -106 -234 -477 187 -262 -760 305 61 211 85 467 -198 521 857 236 850 912 -204 754 -148 -615 -51 -859 -802 317 942 -287 -873 106 -170 -512 -687 971 -827 -469 -933 -294 -743 681 400 -881 568 -784 -892 55 -816 -989 -402 326 70 273 -85 -303 384 -114 974 -328 -878 313 -748 991 -251 13 -397 -223 661 -913 -493 -794 -596 -988 -343 -427 -356 -384 -336 579 838 550 290 -131 856 154 67 172 -88 -544 -616 590 683 814 545 45 130 987 340 649
677 423 -958 315 -492 -40 -148 80 -785 889 690 387 -740 -994 709 815 808 -280 385 849 -875 -419 528 -883 -757 -522 276 -675 293 409 150 -259 814 641 -426 894 -362 530 926 -541 218 337 588 -702 -36 -758 -467 322 -41 -976 -293 471 457 533 592 -902 -237 -172 566 -232 -134 -595 25 -20 -700 968 -54 582 332 -779 797 663 -768 -482 427 -86 712 -352 -701 -429 -177 527 -609 -582 564 467 -5 269 -401 830 -65 -929 -729 920 668 -889 561 -784 876 -12
286 -912 69 -279 -865 -521 -609 365 -161 138 800 409 -460 -775 -859 341 217 -523 558 158 -798 -326 -341 374 166 -103 235 -391 -719 790 793 52 497 526 563 -584 -210 -313 345 -553 478 421 -600 -133 538 -522 632 -219 831 479 -117 -715 -171 -640 -451 447 851 -230 -399 229 -789 -479 -124 43 32 -947 824 124 -746 468 15 408 720 -255 238 795 57 -484 703 -277 -942 -855 953 916 -605 -45 -797 439 794 -653 -644 704 302 -269 861 -111 40 -936 279 -226
854 581 -311 734 45 -287 -612 186 -372 -802 504 861 -955 421 -12 422 148 -406 942 -593 -963 452 113 150 129 673 -587 -783 -391 -772 -981 -597 40 999 108 299 557 132 304 -626 214 -105 274 852 -623 -935 708 817 -713 379 330 766 -641 -933 -74 -892 39 -492 59 -467 -999 306 -701 350 940 215 585 131 800 183 -154 -59 893 -524 378 -549 467 510 -462 -545 -839 428 -149 -31 -627 314 -797 509 -40 993 -814 76 409 671 -360 453 -719 883 -58 -164
622 -278 85 668 405 -492 852 884 -429 -433 -564 342 -558 573 78 181 893 -889 659 -392 33 -985 -211 718 -190 748 -910 -146 -25 295 987 36 230 433 20 605 550 226 -994 904 457 -868 973 -885 -3 -661 -918 83 -803 652 -794 316 -298 443 -731 -569 -559 438 673 -780 391 -361 446 270 504 -628 930 -870 -90 444 -986 -837 -744 174 -839 -584 -378 -786 -345 805 -245 396 819 900 674 697 -34 431 -136 408 -153 467 -944 -295 -428 -424 584 -515 760 -711
371 -829 -279 -864 163 -116 -424 -737 524 658 903 -823 798 -818 -957 772 447 -369 -772 12 976 -136 895 678 855 377 463 11 -250 -85 810 -991 112 -469 996 -734 -280 162 204 645 -655 -802 369 -103 -850 -111 -440 459 190 -833 -993 35 169 -473 332 -97 -158 -37 -303 -112 507 -71 -277 870 -654 -584 -370 52 570 690 -995 327 777 -256 761 -887 -35 -291 -265 511 -580 -354 920 -553 680 -746 -231 822 -785 970 479 368 28 161 -789 -91 -871 -478 -352 -378
10 -955 -555 96 322 531 693 43 -878 486 -947 925 260 -896 -667 -932 406 -661 -537 -456 -257 424 -599 -264 -327 -46 107 705 730 -203 945 110 485 -356 38 -642 -828 -316 -563 695 -193 682 452 -275 857 -102 -684 348 897 334 823 916 -108 -380 288 594 638 -61 -946 -444 876 724 -381 -486 -846 -143 754 651 384 270 -448 -254 109 -983 -10 -39 -992 -128 74 250 -860 198 -721 90 -477 376 449 512 -956 -410 726 273 177 433 883 714 54 230 -990 -950
375 -493 -712 -226 -389 654 455 -22 684 -865 -526 934 274 587 424 156 185 -349 692 -574 491 -402 112 54 -843 965 -666 -217 -252 182 -772 -201 216 -342 -214 -305 373 -259 912 -783 -846 233 148 747 -925 -253 603 -969 -887 837 268 -919 -471 -350 -757 -243 321 -56 825 -833 760 794 266 -909 -363 581 -390 -373 545 -16 699 -549 640 6 50 -195 -663 367 -677 -241 -837 976 -698 -205 -403 -893 874 754 -834 -491 -319 -622 432 847 544 -989 -823 820 514 145
652 925 -762 366 -251 855 -682 -511 -820 -730 226 49 -274 -508 73 -521 885 96 -121 680 847 -220 506 -141 -935 -988 969 515 -540 898 617 392 -555 -720 996 -917 -989 -504 249 -921 -298 994 388 950 661 654 -15 -694 97 166 -617 -338 -764 80 -757 -657 -604 372 531 728 37 -882 596 -435 300 84 -842 550 -458 -39 -941 -109 353 606 -969 -940 -976 648 845 267 -922 332 -654 -816 -413 -643 163 -75 -303 528 -605 251 -135 979 68 -916 -526 -648 713 -662
794 -957 -727 50 -204 580 -412 800 261 608 -175 636 604 -59 550 523 335 -819 -813 489 -889 -421 -402 -877 449 86 -803 960 864 193 92 700 -829 860 -997 37 633 -395 -233 150 825 474 -45 -717 -676 -808 -899 87 464 -180 890 158 -565 -130 443 -241 -718 118 285 242 -56 853 995 422 -52 573 -643 997 -177 417 875 -592 -673 499 -308 -87 57 973 270 625 920 -371 -964 -420 -117 -164 495 -78 727 -443 740 -73 -242 695 757 915 -845 841 521 842
587 956 646 -503 -975 -689 -121 209 624 394 641 557 255 -852 -239 -499 267 -519 -544 40 -2 -789 374 280 339 -887 805 155 -378 320 664 -837 -808 216 -261 485 440 -9 803 -358 -998 -265 901 136 -688 -927 -366 -762 78 -786 -814 711 -3 -528 -213 841 304 742 -775 598 -616 818 -356 -334 -426 117 754 691 -163 -760 -850 -478 887 194 -995 -134 511 521 -951 150 883 83 459 876 -326 -812 538 -96 932 -91 -440 322 -369 268 651 -828 -706 845 -645 533
21 904 829 -763 169 -288 -570 704 605 341 334 631 -636 129 71 -88 -970 0 274 -282 -893 -644 -315 -98 -72 -473 373 -811 349 996 -557 -163 532 383 -934 -945 265 878 11 930 173 -161 989 675 848 76 237 -397 764 644 -302 -426 689 90 -309 976 348 838 -430 -68 174 905 183 -883 -242 -719 961 -21 -982 389 -908 970 4 759 -147 -953 -825 -442 -620 -915 141 -249 676 -239 -24 -626 -363 761 476 -959 -45 452 -759 166 706 826 741 946 -621 240
254 764 -945 329 293 -833 247 -858 -988 55 514 -222 -153 -936 -539 931 457 73 286 -170 44 719 553 -513 738 636 -384 790 -591 -113 -100 -164 -573 579 -706 645 48 -85 -648 -385 -410 -991 482 384 -669 0 -693 -799 479 -585 660 440 912 -680 -132 -717 -968 -567 -236 688 -401 965 -486 362 584 115 -507 -971 499 472 -803 874 -667 -777 868 -282 173 1 -888 288 208 -423 951 181 -312 184 -671 159 144 -604 -32 627 -820 363 3 -972 79 204 93 615
-85 521 456 250 511 382 170 -109 896 -673 826 -697 459 769 433 149 74 369 -731 660 -744 804 311 -574 802 193 302 982 -768 -602 920 -408 341 503 -480 338 393 402 778 929 -548 651 291 703 267 -500 206 -852 715 141 751 -810 -221 -770 388 539 82 832 556 935 609 -20 815 -499 346 813 -439 586 306 -579 -910 502 -271 670 847 199 906 481 384 611 -637 576 504 -399 -467 -900 404 -291 664 107 -231 687 562 336 614 -144 -950 678 522 451
674 365 -322 43 -125 -446 -837 564 -796 -359 -406 60 -708 -782 858 438 -302 742 -452 -343 797 -672 -204 69 -77 89 -70 128 -954 957 407 881 236 265 544 172 -22 -524 -953 776 266 866 -691 868 794 529 691 834 494 -615 -523 -42 584 -11 409 -605 -526 675 573 -404 158 980 137 585 -563 -793 -23 -405 -689 -374 -584 328 546 793 906 -987 117 501 -728 -765 -671 -253 759 807 -647 306 -173 435 -985 -485 339 312 -996 -119 127 855 180 610 578 -248
[RUN #2 100 50]
582 -500 -700 -363 598 794 965 -14 -126 872 671 920 480 895 -732 925 131 469 250 839 320 -986 593 29 -251 930 540 751 691 507 390 -294 231 128 964 49 122 -461 502 -342 831 610 -817 749 138 -258 605 -316 779 485 -224 -381 68 -858 -920 -250 326 624 -39 -233 -647 758 -348 177 931 466 -531 -708 -117 843 -965 14 -770 -879 -188 -556 -420 -703 -278 290 -293 944 -805 702 -710 -581 652 88 4 -65 -549 388 712 810 362 -639 -184 -714 -68 -254
-196 -615 -298 -467 -176 527 281 436 841 534 936 -646 55 -217 336 735 -6 -365 -528 263 149 -972 659 -112 -573 516 882 745 -52 -594 -722 513 -861 -788 -185 573 667 728 982 61 608 -136 693 739 -838 544 204 -390 360 -272 750 337 -423 456 -795 741 100 537 29 -535 -785 -664 -765 -430 -407 345 202 319 850 906 66 -198 917 400 276 -504 -890 -97 626 -177 656 559 524 -691 -663 954 -555 -340 -123 -758 282 -299 38 272 540 54 867 -429 -124 -308
165 -320 42 -843 -571 -160 489 -806 -321 -459 -528 -548 -418 233 930 229 -405 861 -398 -451 -177 -26 -174 733 6 52 -708 37 -832 -948 -743 -858 807 303 -758 -667 599 -202 -29 -941 637 -98 -34 63 132 731 360 -138 -354 -284 679 -872 -738 614 234 -792 569 -845 494 729 455 -113 -761 81 -768 -988 458 87 -601 72 454 971 -938 432 966 -543 117 798 724 -143 -456 931 684 252 371 332 110 -184 -212 -587 -350 -397 -213 131 -73 999 89 412 -266 666
-617 -578 949 122 940 -205 967 696 286 551 -413 -892 691 372 864 362 167 11 -297 -755 349 41 360 431 800 449 -959 412 -454 433 -682 102 -855 -785 -287 -396 -918 -775 301 854 541 -535 -771 -697 -133 248 574 -841 -176 -293 597 -948 -12 -310 -801 91 -684 752 409 -516 -374 -22 -766 843 -107 -447 -618 492 -469 -666 -227 994 268 669 359 341 -687 885 242 -871 641 -913 214 218 -851 22 328 72 -428 -419 -291 -323 -931 -88 -938 -220 -314 -653 393 -802
97 -860 732 965 -377 -450 -73 -624 -647 -88 -265 229 569 -819 920 -430 -327 467 412 903 -635 855 31 -600 77 -772 579 -469 471 771 777 193 -310 91 680 513 927 534 -661 197 -994 938 -419 -6 -474 308 644 104 733 -929 93 210 391 249 -869 -592 544 28 -359 -700 41 182 818 -14 638 565 -320 319 775 39 718 -237 -760 -853 -884 196 364 295 757 717 400 -463 -246 -267 -781 796 -975 -932 -101 -184 892 53 225 96 526 -738 527 701 -429 826
-704 -497 507 234 840 -591 849 -829 475 484 429 -461 -934 -491 -717 -795 71 -320 -449 191 227 486 -155 514 750 -64 988 629 85 -432 970 -213 926 -899 -885 -553 -528 490 -356 280 -534 251 -576 244 707 -367 -279 131 225 -742 548 447 643 769 -122 -144 -830 237 989 -386 -288 443 554 -300 340 748 364 409 117 182 406 -170 -25 -637 316 -86 -98 604 652 694 841 114 -806 614 -402 -789 -747 -458 -429 -474 -198 277 -757 -375 -267 -301 426 -137 873 980
-316 -313 -403 168 -344 344 -598 -49 40 -848 683 -660 -641 987 925 630 -857 -606 -102 -975 -957 658 224 381 892 844 307 -680 567 -150 -267 -646 -585 -625 715 -523 795 734 570 923 372 -376 -250 -295 -365 27 588 98 -52 611 203 -693 247 94 -736 -239 977 -722 -823 456 -777 751 -496 -994 555 -92 722 376 -324 480 -552 986 -765 -767 997 850 153 -303 297 -13 -988 -338 583 -88 -506 976 303 728 -258 -554 887 -138 -717 636 462 883 -881 879 623 -136
560 375 845 -423 175 -868 903 -719 961 503 -475 324 -458 -718 477 -4 -510 198 960 416 -824 521 126 -695 -738 146 -236 45 -663 471 748 -8 -205 -261 622 -531 456 440 -281 72 805 -588 -359 299 -275 -469 -525 -659 409 63 983 -444 957 666 -712 765 -349 449 89 67 197 -780 -427 829 -791 217 -946 387 -63 -82 391 -183 159 -615 -855 791 -559 516 -794 917 136 294 4 -239 69 -583 342 48 -429 881 -499 -692 -781 -740 376 74 572 -631 289 -314
436 -990 -629 -160 89 76 406 173 -965 -137 -877 -8 -790 959 -947 822 -227 -112 769 -837 -583 336 199 222 -193 -460 -144 574 -835 -303 755 -836 -573 -729 -110 -158 -329 -929 725 764 292 -298 64 329 -975 393 -401 265 -414 929 -795 -291 596 821 -286 159 -370 -49 -313 546 -612 124 24 696 390 -677 -462 -195 -915 443 946 681 -622 297 160 307 -948 302 616 219 -307 -218 -685 -754 506 859 287 -544 -214 -588 71 -799 397 438 225 865 -368 -766 -776 939
368 -726 -408 -182 863 -456 639 661 429 385 240 799 275 -193 -79 846 762 683 -478 -443 0 506 -100 482 -389 663 -988 -337 -355 153 -30 9 -409 -567 -142 724 -446 -579 816 -310 354 52 -662 -10 -949 -21 -525 392 866 677 343 -54 -566 521 -969 925 -385 -229 745 -149 -932 -254 -571 -921 -401 492 -102 372 -818 544 440 645 -815 15 855 485 -378 -979 411 -309 -834 137 -51 892 -651 529 708 -332 -652 6 -613 477 -315 -429 20 806 923 -324 -716 922
388 -936 208 -225 805 -57 205 954 -488 469 615 -675 -403 940 -976 568 -573 -83 183 -818 438 161 -524 -76 241 343 72 -736 56 227 293 -103 599 -752 -439 -300 -585 331 -166 385 -8 -20 -464 -104 131 -444 721 -115 335 50 -30 -486 190 217 924 655 -577 -198 830 261 -328 260 273 -606 -375 466 18 -430 927 -977 -519 -512 727 -238 689 -381 -842 75 -625 -651 404 -406 -747 697 216 -843 -308 -220 -16 -407 360 107 962 -950 -498 -648 21 152 774 270
163 -210 974 -375 418 358 -3 -891 -5 -130 911 -434 -784 190 -887 892 -851 391 -640 -27 -371 218 -508 321 771 821 833 171 689 -845 -255 635 749 976 449 423 -82 586 -1 499 -106 874 255 638 -996 -282 -897 902 -112 69 604 -998 -868 -500 894 -316 -860 -617 -553 -893 38 -418 -363 315 551 -717 779 -56 -244 954 164 747 -547 -908 996 318 455 278 310 696 11 325 -523 420 554 602 -37 257 216 -294 -409 -103 930 -23 -894 780 372 -262 -811 940
-613 -12 -207 705 847 456 44 270 994 -384 -309 -479 -499 -140 501 101 -404 -623 -408 579 57 46 562 -699 -141 183 -97 381 329 -602 -1 -468 -318 -687 539 717 86 815 -102 -700 -418 574 -641 126 916 545 -861 170 300 649 616 127 560 867 591 -247 54 -122 402 -285 -29 197 840 -68 377 849 -427 -705 -733 -607 41 262 -273 2 -643 -812 -110 736 700 25 81 -162 731 884 -611 -112 -749 691 988 471 -74 -731 -290 -651 558 204 893 -135 426 -488
776 59 -949 706 -285 -792 490 876 127 -283 -97 695 969 -602 -403 84 -202 232 931 -670 -108 -953 -477 -175 310 842 524 -718 -470 8 552 270 -447 177 -927 728 283 434 -737 87 -580 -608 367 -910 759 954 -915 -341 959 11 346 297 444 671 952 -37 907 256 879 560 137 -593 769 -909 26 -562 -502 123 -684 -545 851 -214 -702 970 329 -6 -147 413 -115 201 -548 294 -731 92 -13 -177 780 0 933 -687 -694 405 -198 -988 -921 -578 556 -98 -140 -638
526 -503 125 372 509 -919 -701 -340 -310 834 -866 234 -730 475 -791 -884 169 772 165 757 703 -224 615 -792 482 -795 -684 181 -749 -658 518 964 -921 942 -608 -687 95 -316 474 334 986 -443 943 -462 -43 467 -709 823 391 -468 966 -451 428 271 989 71 -437 -101 210 350 403 -222 -697 981 -803 538 -675 -478 371 791 769 749 -499 -139 -761 -403 699 978 667 17 -124 357 -37 784 728 558 -489 61 -719 -752 666 944 -458 331 977 574 -513 -878 380 291
629 224 -206 326 796 -895 -23 886 -192 -239 -608 -811 -509 -654 167 -291 52 -539 -617 543 -437 -71 333 321 1 26 213 617 -832 -162 -469 84 -735 859 -957 -983 694 -58 -898 883 -56 -719 919 -994 416 504 34 913 -872 855 521 446 -205 -275 958 435 -507 76 379 803 -499 267 -800 -558 313 -914 -571 -68 148 118 881 749 -359 457 130 676 707 879 -933 -632 720 -635 -942 765 -506 -504 609 202 -487 5 -405 394 -164 17 736 -893 -886 519 441 30
402 871 -324 -464 -353 476 -570 -254 610 -534 -745 -46 -343 -54 329 -295 -217 -727 -356 954 137 -24 -663 -100 873 386 454 -197 -74 -586 -611 -329 -246 893 -654 -80 -579 98 962 -397 -658 321 -350 -193 562 -996 -21 -306 -702 492 469 310 403 237 -53 59 -814 650 631 -335 -825 -969 785 932 -704 122 733 -461 -394 -380 414 367 -527 936 -292 -196 -213 816 -370 -506 23 -376 -864 530 716 836 984 554 -151 -644 311 -383 -941 931 875 424 746 -960 613 -776
721 391 -573 948 648 210 413 919 -341 -763 -155 -429 -1000 -952 -997 695 241 -929 336 -983 17 -672 240 438 -59 -770 -977 -449 -11 -366 535 859 -923 -257 209 -677 -790 47 -88 53 392 662 704 719 -607 216 713 -616 582 800 483 750 458 -98 929 166 -151 52 954 -153 -878 563 -712 322 -628 -225 -397 786 -87 -633 882 -483 104 -730 -674 579 -25 -935 358 504 -552 127 -177 989 -58 776 253 -467 725 289 471 -158 -535 -673 849 -934 -918 141 -911 -277
773 243 -930 187 519 -439 809 460 -94 -846 570 816 378 -401 -486 -849 972 803 -40 -454 53 -886 859 561 -529 -883 -801 88 -223 92 160 -810 -320 888 786 -743 -942 929 292 -499 636 429 133 56 148 709 -155 -653 346 -127 -644 -538 -923 956 605 982 -522 126 -758 -327 -752 -51 -411 106 -213 -227 -523 -215 338 -961 -201 877 581 683 235 -95 901 50 728 -713 138 -251 532 -321 866 -93 414 21 702 996 -969 -487 -771 -868 -488 -898 525 -747 569 546
224 -332 701 607 -939 560 -482 -922 -816 -110 214 -997 738 358 894 302 -820 -678 -563 17 462 -7 -598 -58 847 -683 215 -389 -753 333 532 739 305 771 166 8 -364 545 284 -877 475 822 -254 -220 578 12 -304 495 681 -562 -993 -605 -450 -728 -282 -637 -991 -534 -477 381 -401 -106 756 453 874 -842 -209 -459 -622 558 767 -518 -147 504 72 -403 -557 -796 -779 334 -909 826 -584 -2 246 -754 505 -915 -558 377 -362 853 -894 -697 27 958 -784 782 726 -516
732 955 -518 -670 -567 309 -144 -617 147 -631 720 -869 -606 -634 763 943 990 -926 -792 471 171 230 674 -94 -336 857 44 -263 670 -658 354 940 172 713 -133 714 165 -981 816 -71 486 -486 159 -474 931 182 -111 252 -278 -450 584 -378 625 -446 -495 -96 -785 734 -886 -356 731 399 300 -804 -276 812 647 421 -11 -338 -663 448 648 -329 887 711 -754 -128 302 559 150 -43 769 -796 892 -18 -712 804 -285 -781 255 951 174 -257 268 891 -979 101 -756 916
278 -182 105 437 53 -380 137 -486 -781 -867 468 -561 -302 -118 -710 -89 -671 -752 -377 -243 -927 -753 251 327 76 588 521 363 903 -961 -394 617 -228 -172 -63 712 -459 416 803 709 882 765 -122 667 486 775 -418 -65 -120 -527 373 -840 348 -789 924 -15 -296 -344 393 785 878 -821 -20 -718 430 419 -824 914 -991 226 916 -763 694 686 304 -50 674 -170 433 -709 450 935 -230 -428 861 -958 365 -325 -484 -916 -548 368 824 -563 215 413 -186 -496 159 131
-205 28 211 -92 -439 -485 -201 -928 632 -674 447 -633 123 928 29 303 494 -127 700 -98 16 309 -728 200 -20 -90 607 -830 -827 283 134 -68 485 221 -310 369 -282 173 475 815 -976 -3 924 293 -378 95 -156 -755 -12 -762 -134 -627 -215 -754 670 -317 768 645 -824 -376 -371 -171 496 -367 107 894 -568 -987 923 -690 -713 471 927 675 436 -139 -720 759 487 144 -176 209 621 -30 -298 -759 -314 -50 412 679 147 937 -991 440 355 -390 -606 58 -675 -823
392 83 466 790 -23 -200 -314 -797 -139 773 -643 -860 77 495 130 -942 -738 -419 -821 910 522 409 330 675 -525 803 848 -57 -726 -446 648 46 -675 121 609 487 802 -443 866 119 846 103 -518 765 -469 169 -830 -352 189 -202 -872 579 729 982 -911 992 302 262 -901 177 454 -803 343 -441 -349 550 699 796 316 592 -691 639 -765 721 -50 -997 806 787 -951 384 -30 586 240 -883 613 -224 -693 807 277 223 412 -941 -118 -489 486 -484 557 -181 253 315
205 -432 203 -539 -15 271 342 -389 201 -168 642 -982 -699 -221 436 -881 -739 87 310 847 -392 -346 -5 -925 -51 -147 -556 -942 475 -128 -976 -813 -832 497 543 168 -859 -34 239 11 798 273 701 883 -962 666 569 440 678 506 -25 232 801 -81 899 -571 228 -719 -59 416 655 743 -868 432 -842 28 299 24 -422 433 -767 451 603 772 -585 -140 171 439 -903 880 399 718 -382 -577 -674 -180 578 -545 -37 920 353 -142 658 927 737 545 544 -729 40 780
-105 -452 -451 -184 737 270 526 -587 -742 349 65 522 920 439 243 322 -590 562 -506 136 897 -761 -576 -37 567 274 410 755 -230 -555 -650 253 -167 -510 -665 -226 -714 907 450 -906 -27 558 977 -553 -122 401 202 -640 -495 717 -868 192 326 -30 -149 4 -371 -526 788 -387 -963 -571 839 -260 731 819 -141 -441 -626 524 -213 814 415 492 -338 962 -445 -490 89 -775 -724 -812 518 -999 476 28 875 121 -123 -258 893 853 751 61 881 -770 -493 87 -114 -484
-622 361 -234 -2 -438 86 801 -767 868 -520 -682 810 -157 -512 -48 -6 -488 -342 105 54 366 -667 -630 258 679 -338 792 222 -918 -403 -924 964 516 93 -204 -130 -719 319 -464 -431 -78 445 -691 -529 -107 417 -974 104 650 -582 -282 173 18 -916 696 -167 848 151 410 698 785 790 -198 919 335 -266 471 843 -756 -758 -74 -597 359 674 -569 711 839 519 748 -847 784 -776 -205 653 -921 870 648 -460 -984 106 401 -880 177 498 -274 -649 -927 94 0 693
-732 974 -309 -824 -958 981 293 264 493 -558 685 598 288 -183 530 -33 972 -423 313 717 -197 -224 1 -872 237 -782 -473 -945 105 31 -30 -2 -3 948 315 865 202 860 410 207 -971 -951 -189 777 919 -135 15 161 125 -421 487 -462 459 144 546 -269 -99 -859 -938 736 -580 -780 -685 -518 -316 352 -414 449 -551 345 -829 396 435 -1 -383 820 -288 254 657 -460 -149 677 -809 637 -296 471 -390 -767 -218 335 -949 850 -356 -4 -619 -167 -346 328 922 -689
-601 -828 399 130 -775 -105 656 -147 -359 -172 -118 -993 282 -159 689 216 607 712 241 -978 -527 -74 744 408 -130 -406 261 178 870 -505 862 -199 404 513 -91 488 793 441 -658 650 578 -194 968 -205 -829 169 -36 717 615 -93 913 728 -712 -591 383 59 372 768 -786 -732 -838 -940 -37 250 -149 -673 31 -73 339 57 -220 -879 -737 936 -131 -267 915 821 358 -28 -189 -872 994 -855 392 918 -561 978 -123 78 690 236 418 972 -968 382 -87 -666 751 -27
-689 808 137 -172 824 66 -11 651 225 -670 -909 431 500 -215 -569 539 189 696 -198 882 592 45 460 827 -465 -427 -598 -768 -787 634 563 -181 -951 203 -412 -93 -960 362 -399 586 -817 -940 -520 425 462 413 526 -201 477 715 -451 224 -444 -20 -879 -892 -757 921 941 -715 -686 -740 182 -345 749 -551 844 7 -124 -988 519 956 -783 -220 -811 -647 837 277 810 -83 133 723 -807 184 -567 753 724 621 675 -901 -600 507 -904 558 -943 333 816 326 598 -694
-50 -852 -901 801 574 691 529 684 -338 -82 -482 -198 914 -100 -63 -270 -614 603 130 -981 -379 879 263 568 -559 921 796 -843 627 -399 800 -83 299 -155 286 551 -27 716 475 123 637 -455 237 856 519 666 -451 -968 295 -805 413 -775 -184 -321 748 -899 -249 996 270 -662 641 273 614 -23 -773 -269 -285 -943 795 492 969 467 507 -650 -646 -226 -439 776 451 874 -953 172 -839 669 62 564 -433 -628 955 -820 -609 655 -724 721 11 256 558 742 889 -268
930 -995 -693 -811 -897 -174 250 287 -471 897 510 91 852 759 223 719 -203 189 465 169 13 -326 757 725 -339 875 -589 -549 216 -374 376 -603 -948 898 674 207 864 859 291 93 265 633 269 327 -290 174 -624 -271 -731 -686 -77 -4 -928 724 -34 991 871 23 -455 -797 -659 -557 745 591 -272 -944 -370 -118 -29 -740 -946 354 -367 -867 -180 -891 199 701 381 570 -580 -744 -720 283 -763 478 474 -585 -554 962 -902 -849 -726 -381 771 917 -53 788 995 -263
-336 455 683 809 349 501 -936 367 -282 -587 -20 163 471 656 984 -953 -942 -30 -926 943 761 357 -344 -625 -606 934 212 -620 -947 685 -378 592 265 917 -418 -736 47 93 967 -1 -201 986 381 -456 388 56 -179 -712 326 897 141 -506 -635 886 266 -403 -668 -657 -353 -894 -143 -77 380 951 -557 741 859 -583 419 436 940 579 -729 -340 -300 684 72 793 515 249 283 -37 169 -215 -722 635 949 -714 262 231 867 594 -54 -972 -837 -531 -116 332 -236 10
-787 -111 -687 838 51 -580 -257 466 310 -335 -702 -118 279 586 407 935 957 -302 -457 -999 -395 -951 -631 -424 904 294 190 -784 -537 -823 152 -744 -200 424 -894 -802 -562 775 -223 866 661 -749 816 -542 -693 -330 575 42 -365 604 -765 167 -466 719 -495 44 -889 -472 -848 303 -344 509 506 -979 695 682 458 -325 -919 -729 301 629 48 -465 548 -874 -290 -471 -312 532 -427 221 -552 563 382 -389 973 -461 78 306 592 -676 427 862 853 -650 -251 -624 210 -778
-929 563 -876 -323 148 -489 816 144 131 -217 -796 93 841 -989 701 -584 -556 -603 -786 510 20 894 -953 741 524 743 -638 -633 -970 98 418 -353 997 454 56 664 -974 -183 -886 767 981 179 -430 690 156 402 -421 -697 346 334 -717 -61 739 820 529 -528 -498 -193 115 -790 -9 633 882 -780 73 -251 500 -662 76 261 36 -22 -994 -154 -482 -65 -612 -778 -345 623 -597 24 -716 -309 -203 846 481 520 813 -66 732 728 -930 248 305 -280 -299 -140 568 979
28 163 606 -106 615 209 -553 -896 -794 4 -750 -215 833 315 214 -715 7 -73 -372 -21 -934 -407 667 -150 -610 -482 160 -682 509 -858 370 991 580 534 -89 -831 -79 -841 -647 -882 -886 681 -309 -108 49 75 -399 -953 -382 695 128 -288 -177 -860 331 -987 289 -859 -692 -52 -302 -34 704 -264 -570 -554 -845 682 281 -544 649 -542 805 -600 -188 346 720 57 -322 64 803 148 -377 -15 -876 1 389 -817 -816 905 210 -364 164 790 -978 495 106 669 323 359
284 -217 186 703 -379 289 87 -475 -510 -456 55 694 -946 -387 425 217 901 -565 -514 79 545 -858 225 917 -913 474 814 -614 -152 102 -324 -325 987 42 -538 432 970 408 -407 782 -192 -669 -781 582 2 -779 -601 -736 115 581 -742 -629 -29 -444 4 -904 -550 -783 555 -90 -744 779 824 -317 39 -399 66 -831 -261 -146 -359 -958 -88 -6 537 65 243 371 440 -718 78 498 -795 -66 538 -628 -87 -787 165 -542 -430 -266 96 -313 -902 -947 -468 -51 298 -957
288 -520 825 -990 368 -370 -197 -401 -117 -139 90 67 -56 -566 76 650 -873 -130 -689 54 362 -226 -860 -877 711 477 678 776 160 132 -52 999 -866 -919 -82 -180 -714 -68 -907 -306 345 876 -111 733 102 657 -470 955 242 -952 -944 -523 -969 503 978 792 -233 499 -947 984 415 -791 -405 -357 44 -113 786 -961 -63 -641 -24 340 -352 -174 603 -206 -635 291 -845 927 470 609 321 319 613 -173 981 -546 -40 449 -493 -104 -840 771 313 429 159 -366 -802 -628
-251 152 -97 847 -231 166 -269 -901 -145 -460 -114 -263 299 858 -551 223 -536 -968 -238 954 -178 491 595 518 335 -911 -510 -194 597 222 788 886 -92 9 807 153 -860 218 -775 820 -781 -416 39 -552 758 -802 -716 80 460 6 -163 -784 -657 50 -690 604 794 -34 -487 777 -946 291 -446 578 253 -557 276 -858 328 -560 -627 966 799 -544 824 -125 -184 -891 73 373 24 313 -316 -13 881 43 919 -273 725 200 34 -826 876 -731 0 -929 -479 78 -397 -423
-22 -974 -913 407 -16 983 -819 -497 -623 -197 -718 -289 -36 474 621 909 96 -79 486 -3 -626 639 -820 -759 -348 552 114 473 -208 2 392 64 -192 702 -843 369 555 378 -840 225 831 -536 920 -87 662 708 852 536 431 4 -482 -937 163 990 -547 698 304 -655 307 325 -465 101 776 -441 -318 630 528 70 767 -602 292 463 -399 875 295 381 79 -346 -750 282 286 -804 -831 -415 -532 355 174 -83 -856 -761 -329 -213 -263 348 294 -170 105 779 -765 887
-952 -980 -855 871 860 401 -192 -482 529 217 -856 -525 -612 -743 728 -10 -760 950 851 151 -750 674 173 308 288 664 -921 -69 -404 -476 -133 -870 -182 -588 378 558 -484 687 798 642 -464 -496 -113 597 9 868 854 -325 -194 -707 722 117 583 609 176 -629 -340 -547 -538 -61 -555 -322 -705 625 91 -293 -179 -436 335 -624 -320 175 812 -112 576 -785 -540 -236 47 -305 593 -378 920 215 751 857 -818 -911 590 -443 204 -57 -566 44 -316 -417 456 -754 -128 -83
-924 446 -342 553 -515 -967 406 650 674 -202 -868 -584 289 -104 725 -852 486 -574 -679 993 -779 599 139 831 -509 -965 -733 -525 782 -784 292 -336 946 978 791 140 -680 329 558 -341 -351 575 -944 933 -315 214 684 499 -160 -889 0 346 -59 -418 -181 799 662 728 925 860 533 -283 -260 -702 -709 484 -769 -145 -27 675 472 -426 521 -8 -273 357 -257 800 536 -72 45 190 -354 109 487 -364 -176 119 -55 -233 -430 -238 179 -343 -971 -468 40 300 -135 -624
548 -688 134 -588 619 -111 -213 -746 -154 20 -851 567 -733 -981 -808 456 844 -215 259 -619 -99 383 -398 -429 817 235 507 -867 121 -239 -430 -108 -19 -275 900 114 -556 353 -375 740 468 -24 82 345 400 -482 122 -166 144 849 786 -889 -418 540 334 90 -486 -513 438 -12 66 774 969 -466 333 -909 -492 -366 731 649 895 596 -442 -514 28 -829 -869 -437 939 -204 -118 -758 -15 860 -633 632 -740 -597 221 -757 -999 -448 583 824 455 -998 86 720 992 214
-442 -378 -784 -499 477 888 -1 845 -126 -103 19 79 532 -225 -206 383 -623 -940 -937 681 604 -41 542 431 897 31 -648 637 -605 508 -645 80 901 253 690 -953 -975 -48 771 -874 633 -484 -796 980 -14 43 469 306 -370 776 15 -911 -732 142 -847 -400 -348 -17 907 26 87 -339 -494 13 -945 -758 131 -852 -270 -153 -50 -770 162 67 325 791 -198 97 -418 -294 -510 -736 144 265 -199 666 -354 37 364 -999 -382 178 -334 -85 -870 -314 904 490 -2 813
969 -552 -727 -387 627 -567 190 -957 733 -39 -355 -101 443 344 428 838 -701 -541 -514 646 780 -112 -906 426 -799 -682 -892 -961 -691 963 680 -512 373 99 256 -784 -572 -912 -40 -94 -743 220 -553 143 447 38 -350 365 55 -519 -500 490 -170 -275 -989 -893 92 98 372 -18 -762 -640 -879 -412 476 112 -770 498 629 83 -45 619 -843 -24 -356 -115 354 905 -755 390 -621 -481 549 -710 -268 -789 -85 -233 727 853 59 -814 473 -598 -100 -852 89 -702 166 -265
931 -243 -674 -597 646 -441 441 -190 -699 -692 -440 -329 -364 534 -656 -317 -3 -695 438 445 -992 741 -560 -332 920 236 -873 161 467 199 159 -601 -15 -59 -113 -330 -116 824 -724 -245 -453 -407 853 -701 -450 -633 -635 -375 182 146 -913 -284 355 992 -709 -40 -357 -768 -739 -479 640 -106 -273 234 -884 -596 952 -208 -632 996 950 733 -398 -849 70 174 -463 -339 -916 136 50 -475 -769 19 -13 -30 327 -254 973 803 894 -18 564 610 -608 -534 122 830 650 842
-598 -750 665 829 694 -937 902 340 -632 -768 -451 -576 974 977 941 807 598 542 -604 795 -639 -338 -635 631 -779 983 217 562 -243 812 943 -927 485 587 -693 -289 285 -438 -50 110 122 952 459 -173 -155 -538 80 733 -968 48 613 -893 -741 575 -42 158 751 -383 -458 308 -688 -400 -473 769 799 -559 144 764 -874 -869 -749 -853 -567 373 778 -336 928 46 41 -63 203 393 -651 868 -105 -515 -350 -945 -565 662 916 -842 -614 704 861 141 706 958 211 -235
-816 -749 382 -881 -870 177 389 -916 277 392 724 -797 -215 -38 822 772 988 533 -514 -554 -2 143 -19 194 378 83 365 -172 -569 885 -944 282 719 -647 -882 349 -798 -266 292 -844 440 545 -626 433 175 494 379 -614 358 -525 412 -539 526 -435 -489 660 240 773 -765 787 329 -446 -721 -867 -578 708 -202 793 506 -610 402 -47 -915 -823 -82 -799 819 -826 -354 -768 -76 -337 -655 377 981 -83 258 -210 189 913 274 261 771 -830 -684 -297 289 -903 125 -897
-320 -50 19 -892 -77 -885 -640 35 571 -974 -324 -528 -258 -267 -418 -617 11 389 178 -471 -179 941 317 -651 -848 -718 576 -447 -710 807 -822 -841 685 347 -142 94 255 82 -20 459 -201 32 509 -6 -964 -18 126 -852 992 -415 -121 -911 -46 -192 125 599 -5 364 -318 -16 -159 942 784 497 -58 -327 732 -862 -767 54 -156 483 -151 741 -867 953 358 -171 339 912 -150 349 -314 -26 -140 288 215 -384 -663 65 -987 53 -669 -995 64 217 -75 -633 -230 -933
19 -65 -86 587 17 -116 723 -649 844 383 -72 -21 177 -868 86 -732 -836 954 387 755 277 626 198 -909 -934 -62 -908 854 11 441 -670 -293 786 787 -592 -259 669 -759 -524 -984 -313 -512 -461 -763 -190 179 501 872 792 -152 -345 -939 -506 -933 -642 703 -229 -675 884 -32 712 521 -779 660 874 980 -41 -503 395 -959 882 291 -811 -955 -684 -835 -764 -916 -212 700 995 -39 -892 6 54 -852 -464 351 487 918 -459 629 832 -57 -567 -566 -223 7 -727 289
[RUN #3 5 25]
-134 -658 842 999 90
854 -937 305 897 728
616 527 -28 542 -584
268 -436 468 -934 56
-253 174 491 926 -789
488 -552 -923 231 658
331 -487 774 -522 467
-676 711 -764 -336 -719
814 -177 -200 690 807
870 -900 -714 315 -205
-973 -865 151 430 -693
881 -741 -942 545 -573
139 458 -457 -789 -484
-695 -133 38 631 725
874 660 -777 -324 39
-109 636 616 166 -120
169 -35 172 -568 737
-709 594 759 139 317
574 -267 -521 -954 806
-570 633 474 729 -291
-470 655 -848 -963 -414
848 -878 565 308 -755
-617 -462 -155 704 -350
-626 -896 -200 682 -663
948 887 -283 -571 659
[RUN #4 5 50]
25 682 510 390 -441
-219 212 -339 14 -370
-106 -10 -594 2 -577
-854 476 -981 738 -594
-448 904 97 141 -532
-772 87 367 484 73
-48 -838 505 -347 -750
-864 542 -904 638 350
-433 -811 -873 -179 -949
-140 -992 707 -666 -353
-880 922 367 -338 -993
-610 -691 157 -376 89
611 992 -437 463 -501
189 47 929 843 705
-824 -173 166 -778 -210
988 -912 443 -814 0
123 -491 293 415 735
-6 -890 -228 -569 -104
986 610 289 -366 50
-866 -190 -194 998 -227
43 -130 -530 289 -344
481 -277 546 325 -130
239 -759 839 683 -528
-401 -361 -271 586 -930
749 -987 958 351 905
274 319 -954 -35 -377
435 -510 677 204 734
-269 -730 -507 239 -9
336 -756 -832 724 -76
-187 -685 -824 -192 -436
702 979 963 -196 502
154 63 711 371 532
-654 -634 -174 -923 -795
967 -623 -728 135 -885
-105 28 342 602 -685
868 -965 -539 -399 388
720 522 -123 -365 -504
353 875 866 -417 -507
-203 895 827 -650 708
-8 -862 890 317 722
-778 -506 416 -632 -841
-604 249 496 -863 918
21 528 -702 -726 937
607 659 855 571 620
-481 991 -2 623 -701
-973 712 275 849 -756
106 845 40 969 392
-657 242 524 -951 -264
72 617 -345 605 -38
911 -571 318 539 -680
